[15:51:52] [main/INFO] (FabricLoader/GameProvider) Loading Minecraft 1.21.3 with Fabric Loader 0.16.10
[15:51:52] [main/DEBUG] (FabricLoader/GamePatch) Found game constructor: net.minecraft.client.main.Main -> net.minecraft.client.MinecraftClient
[15:51:52] [main/DEBUG] (FabricLoader/GamePatch) Patching game constructor <init>(Lnet/minecraft/client/RunArgs;)V
[15:51:52] [main/DEBUG] (FabricLoader/GamePatch) Run directory field is thought to be net/minecraft/client/MinecraftClient/runDirectory
[15:51:52] [main/DEBUG] (FabricLoader/GamePatch) Applying brand name hook to net/minecraft/client/ClientBrandRetriever::getClientModName
[15:51:52] [main/DEBUG] (FabricLoader/GamePatch) Applying brand name hook to net/minecraft/server/MinecraftServer::getServerModName
[15:51:52] [main/DEBUG] (FabricLoader/Mappings) Loading mappings took 91 ms
[15:51:52] [main/DEBUG] (FabricLoader/GamePatch) Patched 3 classs
[15:51:52] [main/DEBUG] (FabricLoader/Discovery) Mod discovery time: 41.6 ms
[15:51:52] [main/WARN] (FabricLoader/Resolution) Mod resolution failed
[15:51:52] [main/INFO] (FabricLoader/Resolution) Immediate reason: [HARD_DEP_INCOMPATIBLE_PRESELECTED axiom 4.0.0 {depends minecraft @ [>=1.21.0 <=1.21.1]}, ROOT_FORCELOAD_SINGLE axiom 4.0.0]
[15:51:52] [main/INFO] (FabricLoader/Resolution) Reason: [HARD_DEP axiom 4.0.0 {depends minecraft @ [>=1.21.0 <=1.21.1]}]
[15:51:52] [main/INFO] (FabricLoader/Resolution) Fix: add [], remove [], replace [[axiom 4.0.0] -> add:axiom 1 ([(-∞,∞)])]
[15:51:52] [main/ERROR] (FabricLoader) Incompatible mods found!
net.fabricmc.loader.impl.FormattedException: Some of your mods are incompatible with the game or each other!
A potential solution has been determined, this may resolve your problem:
	 - Replace mod 'Axiom' (axiom) 4.0.0 with any version that is compatible with:
		 - minecraft 1.21.3
More details:
	 - Mod 'Axiom' (axiom) 4.0.0 requires any version between 1.21.0 (inclusive) and 1.21.1 (inclusive) of 'Minecraft' (minecraft), but only the wrong version is present: 1.21.3!
	at net.fabricmc.loader.impl.FormattedException.ofLocalized(FormattedException.java:51) ~[fabric-loader-0.16.10.jar:?]
	at net.fabricmc.loader.impl.FabricLoaderImpl.load(FabricLoaderImpl.java:196) ~[fabric-loader-0.16.10.jar:?]
	at net.fabricmc.loader.impl.launch.knot.Knot.init(Knot.java:146) ~[fabric-loader-0.16.10.jar:?]
	at net.fabricmc.loader.impl.launch.knot.Knot.launch(Knot.java:68) [fabric-loader-0.16.10.jar:?]
	at net.fabricmc.loader.impl.launch.knot.KnotClient.main(KnotClient.java:23) [fabric-loader-0.16.10.jar:?]
	at net.fabricmc.devlaunchinjector.Main.main(Main.java:86) [dev-launch-injector-0.2.1+build.8.jar:?]
