[22:18:36] [main/INFO] (FabricLoader/GameProvider) Loading Minecraft 1.21 with Fabric Loader 0.16.5
[22:18:36] [main/INFO] (FabricLoader) Loading 60 mods:
	- axiom 4.0.0
	   |-- com_moulberry_axiomclientapi_axiomclientapi_ 1.0.0
	   \-- com_moulberry_mixinconstraints 1.0.1
	- fabric-api 0.102.0+1.21
	- fabric-api-base 0.4.42+6573ed8cd1
	- fabric-api-lookup-api-v1 1.6.68+b5597344d1
	- fabric-biome-api-v1 13.0.29+5bd9f1bcd1
	- fabric-block-api-v1 1.0.22+0af3f5a7d1
	- fabric-block-view-api-v2 1.0.10+6573ed8cd1
	- fabric-blockrenderlayer-v1 1.1.52+0af3f5a7d1
	- fabric-client-tags-api-v1 1.1.15+6573ed8cd1
	- fabric-command-api-v1 1.2.49+f71b366fd1
	- fabric-command-api-v2 2.2.28+6ced4dd9d1
	- fabric-commands-v0 0.2.66+df3654b3d1
	- fabric-content-registries-v0 8.0.16+b5597344d1
	- fabric-convention-tags-v1 2.0.19+7f945d5bd1
	- fabric-convention-tags-v2 2.5.0+c5e2b5c6d1
	- fabric-crash-report-info-v1 0.2.29+0af3f5a7d1
	- fabric-data-attachment-api-v1 1.1.27+6a6dfa19d1
	- fabric-data-generation-api-v1 20.2.16+16c4ae25d1
	- fabric-dimensions-v1 4.0.0+6fc22b99d1
	- fabric-entity-events-v1 1.6.12+6fc22b99d1
	- fabric-events-interaction-v0 0.7.12+ba9dae06d1
	- fabric-game-rule-api-v1 1.0.53+6ced4dd9d1
	- fabric-gametest-api-v1 2.0.4+6fc22b99d1
	- fabric-item-api-v1 11.0.0+afdfc921d1
	- fabric-item-group-api-v1 4.1.4+78017270d1
	- fabric-key-binding-api-v1 1.0.47+0af3f5a7d1
	- fabric-keybindings-v0 0.2.45+df3654b3d1
	- fabric-lifecycle-events-v1 2.3.12+6c1df360d1
	- fabric-loot-api-v2 3.0.14+3f89f5a5d1
	- fabric-loot-api-v3 1.0.2+3f89f5a5d1
	- fabric-message-api-v1 6.0.13+6573ed8cd1
	- fabric-model-loading-api-v1 2.0.0+fe474d6bd1
	- fabric-networking-api-v1 4.2.2+60c3209bd1
	- fabric-object-builder-api-v1 15.2.0+a551f7a4d1
	- fabric-particles-v1 4.0.2+6573ed8cd1
	- fabric-recipe-api-v1 5.0.12+65089712d1
	- fabric-registry-sync-v0 5.1.2+60c3209bd1
	- fabric-renderer-api-v1 3.4.0+c705a49cd1
	- fabric-renderer-indigo 1.7.0+c705a49cd1
	- fabric-renderer-registries-v1 3.2.68+df3654b3d1
	- fabric-rendering-data-attachment-v1 0.3.48+73761d2ed1
	- fabric-rendering-fluids-v1 3.1.6+b5597344d1
	- fabric-rendering-v0 1.1.71+df3654b3d1
	- fabric-rendering-v1 5.0.5+df16efd0d1
	- fabric-resource-conditions-api-v1 4.3.0+8dc279b1d1
	- fabric-resource-loader-v0 1.3.0+56599129d1
	- fabric-screen-api-v1 2.0.24+b5597344d1
	- fabric-screen-handler-api-v1 1.3.86+b5597344d1
	- fabric-sound-api-v1 1.0.23+6573ed8cd1
	- fabric-transfer-api-v1 5.1.16+3dccd343d1
	- fabric-transitive-access-wideners-v1 6.1.0+176f9036d1
	- fabricloader 0.16.5
	- java 21
	- midnightlib 1.6.3
	- minecraft 1.21
	- mixinextras 0.4.1
	- modmenu 11.0.0
	- redstonecomptools 1.0.6-SNAPSHOT
[22:18:41] [main/INFO] (FabricLoader/Mixin) SpongePowered MIXIN Subsystem Version=0.8.7 Source=file:/C:/Users/jaspe/.gradle/caches/modules-2/files-2.1/net.fabricmc/sponge-mixin/0.15.3+mixin.0.8.7/51ee0a44ab05f6fddd66b09e66b3a16904f9c55d/sponge-mixin-0.15.3+mixin.0.8.7.jar Service=Knot/Fabric Env=CLIENT
[22:18:41] [main/INFO] (FabricLoader/Mixin) Loaded Fabric development mappings for mixin remapper!
[22:18:41] [main/INFO] (FabricLoader/Mixin) Compatibility level set to JAVA_17
[22:18:41] [main/INFO] (FabricLoader/Mixin) Compatibility level set to JAVA_21
[22:18:41] [main/INFO] (axiom) Loading Mixin Plugin for Axiom/4.0.0
[22:18:42] [main/INFO] (FabricLoader/MixinExtras|Service) Initializing MixinExtras via com.llamalad7.mixinextras.service.MixinExtrasServiceImpl(version=0.4.1).
[22:18:43] [Datafixer Bootstrap/INFO] (Minecraft) 226 Datafixer optimizations took 167 milliseconds
[22:18:46] [Render thread/INFO] (Minecraft) Environment: Environment[sessionHost=https://sessionserver.mojang.com, servicesHost=https://api.minecraftservices.com, name=PROD]
[22:18:46] [Render thread/INFO] (Minecraft) Setting user: Player23
[22:18:46] [Render thread/INFO] (redstonecomptools) Starting RedstoneCompTools v1.0.5-SNAPSHOT
[22:18:46] [Render thread/INFO] (redstonecomptools) Registering Commands...
[22:18:46] [Render thread/INFO] (redstonecomptools) Setting up Server-Side Packets...
[22:18:46] [Render thread/INFO] (axiom) Initializing Axiom/4.0.0. Build timestamp: 1725380613743
[22:18:47] [Render thread/INFO] (redstonecomptools) Initialising Registers...
[22:18:47] [Render thread/INFO] (redstonecomptools) Setting up Keybindings...
[22:18:47] [Render thread/INFO] (redstonecomptools) Setting up QOL features...
[22:18:47] [Render thread/INFO] (redstonecomptools) Registering axiom extension tools...
[22:18:47] [Render thread/INFO] (redstonecomptools) Registering Events
[22:18:47] [Render thread/INFO] (redstonecomptools) Setting up Client-Side Packets...
[22:18:47] [Render thread/INFO] (Indigo) [Indigo] Registering Indigo renderer!
[22:18:47] [Render thread/INFO] (Mod Menu/Update Checker) Checking mod updates...
[22:18:48] [ModMenu/Update Checker/Fabric Loader/INFO] (Mod Menu/Update Checker) Update available for 'fabricloader@0.16.5'
[22:18:48] [Render thread/INFO] (Minecraft) Backend library: LWJGL version 3.3.3-snapshot
[22:18:48] [Worker-Main-1/INFO] (Mod Menu/Update Checker) Update available for 'axiom@4.0.0', (-> 4.1.1)
[22:18:49] [Render thread/INFO] (Minecraft) Reloading ResourceManager: vanilla, fabric, axiom, fabric-api, fabric-api-base, fabric-api-lookup-api-v1, fabric-biome-api-v1, fabric-block-api-v1, fabric-block-view-api-v2, fabric-blockrenderlayer-v1, fabric-client-tags-api-v1, fabric-command-api-v1, fabric-command-api-v2, fabric-commands-v0, fabric-content-registries-v0, fabric-convention-tags-v1, fabric-convention-tags-v2, fabric-crash-report-info-v1, fabric-data-attachment-api-v1, fabric-data-generation-api-v1, fabric-dimensions-v1, fabric-entity-events-v1, fabric-events-interaction-v0, fabric-game-rule-api-v1, fabric-gametest-api-v1, fabric-item-api-v1, fabric-item-group-api-v1, fabric-key-binding-api-v1, fabric-keybindings-v0, fabric-lifecycle-events-v1, fabric-loot-api-v2, fabric-loot-api-v3, fabric-message-api-v1, fabric-model-loading-api-v1, fabric-networking-api-v1, fabric-object-builder-api-v1, fabric-particles-v1, fabric-recipe-api-v1, fabric-registry-sync-v0, fabric-renderer-api-v1, fabric-renderer-indigo, fabric-renderer-registries-v1, fabric-rendering-data-attachment-v1, fabric-rendering-fluids-v1, fabric-rendering-v0, fabric-rendering-v1, fabric-resource-conditions-api-v1, fabric-resource-loader-v0, fabric-screen-api-v1, fabric-screen-handler-api-v1, fabric-sound-api-v1, fabric-transfer-api-v1, fabric-transitive-access-wideners-v1, fabricloader, midnightlib, modmenu, redstonecomptools
[22:18:49] [Render thread/INFO] (axiom) Using DearImGui config: config\axiom\imgui.ini
[22:18:49] [Worker-Main-3/INFO] (Minecraft) Found unifont_all_no_pua-15.1.05.hex, loading
[22:18:49] [Worker-Main-18/INFO] (Minecraft) Found unifont_jp_patch-15.1.05.hex, loading
[22:18:50] [Render thread/WARN] (Minecraft) Missing sound for event: minecraft:item.goat_horn.play
[22:18:50] [Render thread/WARN] (Minecraft) Missing sound for event: minecraft:entity.goat.screaming.horn_break
[22:18:50] [Render thread/INFO] (Minecraft) OpenAL initialized on device OpenAL Soft on SteelSeries Sonar - Gaming (SteelSeries Sonar Virtual Audio Device)
[22:18:50] [Render thread/INFO] (Minecraft) Sound engine started
[22:18:50] [Render thread/INFO] (Minecraft) Created: 1024x512x4 minecraft:textures/atlas/blocks.png-atlas
[22:18:50] [Render thread/INFO] (Minecraft) Created: 256x256x4 minecraft:textures/atlas/signs.png-atlas
[22:18:50] [Render thread/INFO] (Minecraft) Created: 512x512x4 minecraft:textures/atlas/shield_patterns.png-atlas
[22:18:50] [Render thread/INFO] (Minecraft) Created: 512x512x4 minecraft:textures/atlas/banner_patterns.png-atlas
[22:18:50] [Render thread/INFO] (Minecraft) Created: 1024x1024x4 minecraft:textures/atlas/armor_trims.png-atlas
[22:18:50] [Render thread/INFO] (Minecraft) Created: 256x256x4 minecraft:textures/atlas/chest.png-atlas
[22:18:50] [Render thread/INFO] (Minecraft) Created: 128x64x4 minecraft:textures/atlas/decorated_pot.png-atlas
[22:18:50] [Render thread/INFO] (Minecraft) Created: 512x256x4 minecraft:textures/atlas/shulker_boxes.png-atlas
[22:18:50] [Render thread/INFO] (Minecraft) Created: 512x256x4 minecraft:textures/atlas/beds.png-atlas
[22:18:50] [Render thread/INFO] (Minecraft) Created: 512x256x0 minecraft:textures/atlas/particles.png-atlas
[22:18:50] [Render thread/INFO] (Minecraft) Created: 512x256x0 minecraft:textures/atlas/paintings.png-atlas
[22:18:50] [Render thread/INFO] (Minecraft) Created: 256x128x0 minecraft:textures/atlas/mob_effects.png-atlas
[22:18:50] [Render thread/INFO] (Minecraft) Created: 64x64x0 minecraft:textures/atlas/map_decorations.png-atlas
[22:18:50] [Render thread/INFO] (Minecraft) Created: 1024x512x0 minecraft:textures/atlas/gui.png-atlas
[22:18:50] [Render thread/WARN] (Minecraft) Shader rendertype_entity_translucent_emissive could not find sampler named Sampler2 in the specified shader program.
[22:18:54] [Render thread/INFO] (Minecraft) Loaded 1290 recipes
[22:18:55] [Render thread/INFO] (Minecraft) Loaded 1399 advancements
[22:18:55] [Render thread/INFO] (BiomeModificationImpl) Applied 0 biome modifications to 0 of 64 new biomes in 920.8 μs
[22:18:55] [Server thread/INFO] (Minecraft) Starting integrated minecraft server version 1.21
[22:18:55] [Server thread/INFO] (Minecraft) Generating keypair
[22:18:55] [Server thread/INFO] (Minecraft) Preparing start region for dimension minecraft:overworld
[22:18:55] [Render thread/INFO] (Minecraft) Preparing spawn area: 0%
[22:18:56] [Render thread/INFO] (Minecraft) Time elapsed: 194 ms
[22:18:56] [Server thread/INFO] (Minecraft) Changing view distance to 12, from 10
[22:18:56] [Server thread/INFO] (Minecraft) Changing simulation distance to 12, from 0
[22:18:56] [Server thread/INFO] (Minecraft) Player23[local:E:a2ccf2c6] logged in with entity id 25 at (-70.93332712433373, 74.4327416146306, -0.044639872412345516)
[22:18:56] [Server thread/INFO] (Minecraft) Player23 joined the game
[22:18:56] [Render thread/INFO] (Minecraft) Loaded 3 advancements
[22:19:00] [Server thread/INFO] (Minecraft) Saving and pausing game...
[22:19:00] [Server thread/INFO] (Minecraft) Saving chunks for level 'ServerLevel[Testing World]'/minecraft:overworld
[22:19:00] [Server thread/INFO] (Minecraft) Saving chunks for level 'ServerLevel[Testing World]'/minecraft:the_end
[22:19:00] [Server thread/INFO] (Minecraft) Saving chunks for level 'ServerLevel[Testing World]'/minecraft:the_nether
[22:19:13] [Server thread/INFO] (Minecraft) Saving and pausing game...
[22:19:13] [Server thread/INFO] (Minecraft) Saving chunks for level 'ServerLevel[Testing World]'/minecraft:overworld
[22:19:13] [Server thread/INFO] (Minecraft) Saving chunks for level 'ServerLevel[Testing World]'/minecraft:the_end
[22:19:13] [Server thread/INFO] (Minecraft) Saving chunks for level 'ServerLevel[Testing World]'/minecraft:the_nether
[22:19:15] [Server thread/INFO] (Minecraft) Saving and pausing game...
[22:19:15] [Server thread/INFO] (Minecraft) Saving chunks for level 'ServerLevel[Testing World]'/minecraft:overworld
[22:19:15] [Server thread/INFO] (Minecraft) Saving chunks for level 'ServerLevel[Testing World]'/minecraft:the_end
[22:19:15] [Server thread/INFO] (Minecraft) Saving chunks for level 'ServerLevel[Testing World]'/minecraft:the_nether
[22:19:18] [Server thread/INFO] (Minecraft) Saving and pausing game...
[22:19:18] [Server thread/INFO] (Minecraft) Saving chunks for level 'ServerLevel[Testing World]'/minecraft:overworld
[22:19:18] [Server thread/INFO] (Minecraft) Saving chunks for level 'ServerLevel[Testing World]'/minecraft:the_end
[22:19:18] [Server thread/INFO] (Minecraft) Saving chunks for level 'ServerLevel[Testing World]'/minecraft:the_nether
[22:19:20] [Server thread/INFO] (Minecraft) Saving and pausing game...
[22:19:20] [Server thread/INFO] (Minecraft) Saving chunks for level 'ServerLevel[Testing World]'/minecraft:overworld
[22:19:20] [Server thread/INFO] (Minecraft) Saving chunks for level 'ServerLevel[Testing World]'/minecraft:the_end
[22:19:20] [Server thread/INFO] (Minecraft) Saving chunks for level 'ServerLevel[Testing World]'/minecraft:the_nether
[22:19:22] [Server thread/INFO] (Minecraft) Saving and pausing game...
[22:19:22] [Server thread/INFO] (Minecraft) Saving chunks for level 'ServerLevel[Testing World]'/minecraft:overworld
[22:19:22] [Server thread/INFO] (Minecraft) Saving chunks for level 'ServerLevel[Testing World]'/minecraft:the_end
[22:19:22] [Server thread/INFO] (Minecraft) Saving chunks for level 'ServerLevel[Testing World]'/minecraft:the_nether
[22:19:24] [Server thread/INFO] (Minecraft) Saving and pausing game...
[22:19:24] [Server thread/INFO] (Minecraft) Saving chunks for level 'ServerLevel[Testing World]'/minecraft:overworld
[22:19:24] [Server thread/INFO] (Minecraft) Saving chunks for level 'ServerLevel[Testing World]'/minecraft:the_end
[22:19:24] [Server thread/INFO] (Minecraft) Saving chunks for level 'ServerLevel[Testing World]'/minecraft:the_nether
[22:21:41] [Server thread/INFO] (Minecraft) [Player23: Set the target tick rate to 5000.0 per second]
[22:21:41] [Render thread/INFO] (Minecraft) [System] [CHAT] Set the target tick rate to 5000.0 per second
[22:21:42] [Server thread/WARN] (Minecraft) Can't keep up! Is the server overloaded? Running 1004ms or 5020 ticks behind
[22:21:52] [Server thread/INFO] (Minecraft) Saving and pausing game...
[22:21:52] [Server thread/INFO] (Minecraft) Saving chunks for level 'ServerLevel[Testing World]'/minecraft:overworld
[22:21:52] [Server thread/INFO] (Minecraft) Saving chunks for level 'ServerLevel[Testing World]'/minecraft:the_end
[22:21:52] [Server thread/INFO] (Minecraft) Saving chunks for level 'ServerLevel[Testing World]'/minecraft:the_nether
[22:22:13] [Server thread/WARN] (Minecraft) Can't keep up! Is the server overloaded? Running 1004ms or 5023 ticks behind
[22:22:22] [Server thread/INFO] (Minecraft) Saving and pausing game...
[22:22:22] [Server thread/INFO] (Minecraft) Saving chunks for level 'ServerLevel[Testing World]'/minecraft:overworld
[22:22:22] [Server thread/INFO] (Minecraft) Saving chunks for level 'ServerLevel[Testing World]'/minecraft:the_end
[22:22:22] [Server thread/INFO] (Minecraft) Saving chunks for level 'ServerLevel[Testing World]'/minecraft:the_nether
[22:22:25] [Server thread/WARN] (Minecraft) Can't keep up! Is the server overloaded? Running 1004ms or 5023 ticks behind
[22:22:25] [Server thread/INFO] (Minecraft) Saving and pausing game...
[22:22:25] [Server thread/INFO] (Minecraft) Saving chunks for level 'ServerLevel[Testing World]'/minecraft:overworld
[22:22:25] [Server thread/INFO] (Minecraft) Saving chunks for level 'ServerLevel[Testing World]'/minecraft:the_end
[22:22:25] [Server thread/INFO] (Minecraft) Saving chunks for level 'ServerLevel[Testing World]'/minecraft:the_nether
[22:22:33] [Server thread/INFO] (Minecraft) Saving and pausing game...
[22:22:33] [Server thread/INFO] (Minecraft) Saving chunks for level 'ServerLevel[Testing World]'/minecraft:overworld
[22:22:33] [Server thread/INFO] (Minecraft) Saving chunks for level 'ServerLevel[Testing World]'/minecraft:the_end
[22:22:33] [Server thread/INFO] (Minecraft) Saving chunks for level 'ServerLevel[Testing World]'/minecraft:the_nether
[22:22:35] [Server thread/INFO] (Minecraft) Saving and pausing game...
[22:22:35] [Server thread/INFO] (Minecraft) Saving chunks for level 'ServerLevel[Testing World]'/minecraft:overworld
[22:22:35] [Server thread/INFO] (Minecraft) Saving chunks for level 'ServerLevel[Testing World]'/minecraft:the_end
[22:22:35] [Server thread/INFO] (Minecraft) Saving chunks for level 'ServerLevel[Testing World]'/minecraft:the_nether
[22:22:37] [Server thread/WARN] (Minecraft) Can't keep up! Is the server overloaded? Running 1004ms or 5023 ticks behind
[22:22:37] [Server thread/INFO] (Minecraft) Saving and pausing game...
[22:22:37] [Server thread/INFO] (Minecraft) Saving chunks for level 'ServerLevel[Testing World]'/minecraft:overworld
[22:22:37] [Server thread/INFO] (Minecraft) Saving chunks for level 'ServerLevel[Testing World]'/minecraft:the_end
[22:22:37] [Server thread/INFO] (Minecraft) Saving chunks for level 'ServerLevel[Testing World]'/minecraft:the_nether
[22:22:39] [Server thread/INFO] (Minecraft) Saving and pausing game...
[22:22:39] [Server thread/INFO] (Minecraft) Saving chunks for level 'ServerLevel[Testing World]'/minecraft:overworld
[22:22:39] [Server thread/INFO] (Minecraft) Saving chunks for level 'ServerLevel[Testing World]'/minecraft:the_end
[22:22:39] [Server thread/INFO] (Minecraft) Saving chunks for level 'ServerLevel[Testing World]'/minecraft:the_nether
[22:22:49] [Server thread/INFO] (Minecraft) Saving and pausing game...
[22:22:49] [Server thread/INFO] (Minecraft) Saving chunks for level 'ServerLevel[Testing World]'/minecraft:overworld
[22:22:49] [Server thread/INFO] (Minecraft) Saving chunks for level 'ServerLevel[Testing World]'/minecraft:the_end
[22:22:49] [Server thread/INFO] (Minecraft) Saving chunks for level 'ServerLevel[Testing World]'/minecraft:the_nether
[22:22:49] [Server thread/WARN] (Minecraft) Can't keep up! Is the server overloaded? Running 1905ms or 9527 ticks behind
[22:22:49] [Server thread/INFO] (Minecraft) Player23 lost connection: Disconnected
[22:22:49] [Server thread/INFO] (Minecraft) Player23 left the game
[22:22:49] [Server thread/INFO] (Minecraft) Stopping singleplayer server as player logged out
[22:22:49] [Server thread/INFO] (Minecraft) Stopping server
[22:22:49] [Server thread/INFO] (Minecraft) Saving players
[22:22:49] [Server thread/INFO] (Minecraft) Saving worlds
[22:22:49] [Server thread/INFO] (Minecraft) Saving chunks for level 'ServerLevel[Testing World]'/minecraft:overworld
[22:22:49] [Server thread/INFO] (Minecraft) Saving chunks for level 'ServerLevel[Testing World]'/minecraft:the_end
[22:22:49] [Server thread/INFO] (Minecraft) Saving chunks for level 'ServerLevel[Testing World]'/minecraft:the_nether
[22:22:49] [Server thread/INFO] (Minecraft) ThreadedAnvilChunkStorage (Testing World): All chunks are saved
[22:22:49] [Server thread/INFO] (Minecraft) ThreadedAnvilChunkStorage (DIM1): All chunks are saved
[22:22:49] [Server thread/INFO] (Minecraft) ThreadedAnvilChunkStorage (DIM-1): All chunks are saved
[22:22:49] [Server thread/INFO] (Minecraft) ThreadedAnvilChunkStorage: All dimensions are saved
[22:22:50] [Render thread/INFO] (Minecraft) Stopping!
[22:22:50] [Render thread/INFO] (axiom) Saving configuration (client stopping)...
